[0m[[0mdebug[0m] [0mjavaOptions: List()[0m
[0m[[0mdebug[0m] [0mForking tests - parallelism = false[0m
[0m[[0mdebug[0m] [0mCreate a single-thread test executor[0m
[0m[[0mdebug[0m] [0mRunner for org.specs2.runner.Specs2Framework produced 0 initial tasks for 0 tests.[0m
[0m[[0mdebug[0m] [0mRunner for org.scalatest.tools.Framework produced 3 initial tasks for 3 tests.[0m
[0m[[0mdebug[0m] [0m  Running TaskDef(track.api.ImpressionApiRoutestSpec, sbt.ForkMain$SubclassFingerscan@38e2e727, false, [SuiteSelector])[0m
[0m[[0minfo[0m] [0m[32mImpressionApiRoutestSpec:[0m[0m
[0m[[0mdebug[0m] [0m  Running TaskDef(track.api.ImpressionApiSpec, sbt.ForkMain$SubclassFingerscan@1990d79, false, [SuiteSelector])[0m
[0m[[0minfo[0m] [0m[32mImpressionApiSpec:[0m[0m
[0m[[0minfo[0m] [0m[32mRequest GET  /impression/1 [0m[0m
[0m[[0minfo[0m] [0m[32m- should return a json file Response with a 200 status code[0m[0m
[0m[[0minfo[0m] [0m[32mRequest GET  /impression/20 [0m[0m
[0m[[0minfo[0m] [0m[32m- should return a json file Response with a NotFound status code and failed status[0m[0m
[0m[[0minfo[0m] [0m[32mRequest GET  /charges [0m[0m
[0m[[0minfo[0m] [0m[32m- should return a json file Response with the charges a 200 status code[0m[0m
[0m[[0minfo[0m] [0m[32mRequest POST  /json file [0m[0m
[0m[[0minfo[0m] [0m[31m- should return a json file Response with the charges a 200 status code *** FAILED ***[0m[0m
[0m[[0minfo[0m] [0m[31m  java.lang.NullPointerException:[0m[0m
[0m[[0minfo[0m] [0m[31m  at track.api.ImpressionApi.$anonfun$save$1(ImpressionApi.scala:27)[0m[0m
[0m[[0minfo[0m] [0m[31m  at play.api.mvc.ActionBuilderImpl.invokeBlock(Action.scala:489)[0m[0m
[0m[[0minfo[0m] [0m[31m  at play.api.mvc.ActionBuilderImpl.invokeBlock(Action.scala:487)[0m[0m
[0m[[0minfo[0m] [0m[31m  at play.api.mvc.ActionBuilder$$anon$10.apply(Action.scala:426)[0m[0m
[0m[[0minfo[0m] [0m[31m  at track.api.ImpressionApiSpec.$anonfun$new$4(ImpressionApiSpec.scala:82)[0m[0m
[0m[[0minfo[0m] [0m[31m  at org.scalatest.OutcomeOf.outcomeOf(OutcomeOf.scala:85)[0m[0m
[0m[[0minfo[0m] [0m[31m  at org.scalatest.OutcomeOf.outcomeOf$(OutcomeOf.scala:83)[0m[0m
[0m[[0minfo[0m] [0m[31m  at org.scalatest.OutcomeOf$.outcomeOf(OutcomeOf.scala:104)[0m[0m
[0m[[0minfo[0m] [0m[31m  at org.scalatest.Transformer.apply(Transformer.scala:22)[0m[0m
[0m[[0minfo[0m] [0m[31m  at org.scalatest.Transformer.apply(Transformer.scala:20)[0m[0m
[0m[[0minfo[0m] [0m[31m  ...[0m[0m
[0m[[0mdebug[0m] [0m    Produced 0 nested tasks and 4 events.[0m
[0m[[0mdebug[0m] [0m  Running TaskDef(track.ChargeCalculatorSpec, sbt.ForkMain$SubclassFingerscan@3a763a8d, false, [SuiteSelector])[0m
[0m[[0minfo[0m] [0m[32mChargeCalculatorSpec:[0m[0m
[0m[[0minfo[0m] [0m[32mA ChargeCalculator[0m[0m
[0m[[0minfo[0m] [0m[32m- should calculate on weekday[0m[0m
[0m[[0minfo[0m] [0m[32mA ChargeCalculator[0m[0m
[0m[[0minfo[0m] [0m[32m- should calculate on evenningweekend[0m[0m
[0m[[0minfo[0m] [0m[32mA ChargeCalculator[0m[0m
[0m[[0minfo[0m] [0m[32m- should calculate on weekend[0m[0m
[0m[[0minfo[0m] [0m[32mA ChargeCalculator[0m[0m
[0m[[0minfo[0m] [0m[32m- should calculate on evening weekday[0m[0m
[0m[[0minfo[0m] [0m[32mA ChargeCalculator[0m[0m
[0m[[0minfo[0m] [0m[32m- should calculate on default weekday[0m[0m
[0m[[0mdebug[0m] [0m    Produced 0 nested tasks and 5 events.[0m
[0m[[0mdebug[0m] [0mRunner for com.novocode.junit.JUnitFramework produced 0 initial tasks for 0 tests.[0m
[0m[[0mdebug[0m] [0mSummary for specs2 not available.[0m
[0m[[0minfo[0m] [0mScalaTest[0m
[0m[[0minfo[0m] [0m[36mRun completed in 3 seconds, 259 milliseconds.[0m[0m
[0m[[0minfo[0m] [0m[36mTotal number of tests run: 9[0m[0m
[0m[[0minfo[0m] [0m[36mSuites: completed 3, aborted 0[0m[0m
[0m[[0minfo[0m] [0m[36mTests: succeeded 8, failed 1, canceled 0, ignored 0, pending 0[0m[0m
[0m[[0minfo[0m] [0m[31m*** 1 TEST FAILED ***[0m[0m
[0m[[0mdebug[0m] [0mSummary for JUnit not available.[0m
[0m[[31merror[0m] [0mFailed: Total 9, Failed 1, Errors 0, Passed 8[0m
[0m[[0mdebug[0m] [0mPassed tests:[0m
[0m[[0mdebug[0m] [0m	track.api.ImpressionApiRoutestSpec[0m
[0m[[0mdebug[0m] [0m	track.ChargeCalculatorSpec[0m
[0m[[31merror[0m] [0mFailed tests:[0m
[0m[[31merror[0m] [0m	track.api.ImpressionApiSpec[0m
[0m[[31merror[0m] [0m(test:[31mtest[0m) sbt.TestsFailedException: Tests unsuccessful[0m
